INFO:root:17:23:35: nsteps for MD simulations was set to 50000 
INFO:root:17:23:36: START ITERATION 0
INFO:root:17:23:36: Preprocessing MD...
INFO:root:17:23:36: Running MD...
INFO:root:19:59:37: MD done
INFO:root:19:59:37: Postprocessing MD
INFO:root:19:59:38: Preprocessing LSDMap...
INFO:root:19:59:38: Load configurations in confall.gro
INFO:root:19:59:40: Load weights in confall.w
INFO:root:19:59:40: Write configurations in lsdmap/lsdmap_aa.gro
INFO:root:19:59:41: Write weights in lsdmap/lsdmap.w
INFO:root:19:59:41: LSDMap preprocessing done
INFO:root:19:59:41: Starting LSDMap
INFO:root:20:00:28: LSDMap done
INFO:root:20:00:28: Postprocessing LSDMap...
INFO:root:20:00:28: Store DCs computed
INFO:root:20:00:29: LSDMap postprocessing done
INFO:root:20:00:29: Preprocessing Fitting...
INFO:root:20:00:29: Select configurations used for the fitting...
INFO:root:20:00:29: Build histogram
INFO:root:20:00:29: Select fitting points uniformly along the DCs
INFO:root:20:00:29: Optimize selection of fitting points
INFO:root:20:00:51: Write configurations in fit/fit_aa.gro
INFO:root:20:00:51: Write DCs in fit/fit.ev
INFO:root:20:00:51: Fit preprocessing done
INFO:root:20:00:51: Starting Fitting
INFO:root:20:01:23: Fitting done
INFO:root:20:01:24: Build free energy histogram with 54 nbins along each dimension...
INFO:root:20:01:24: Save free energy histogram
INFO:root:20:01:24: Pick new configurations for the next iteration.
INFO:root:20:01:26: Save new configurations in output.gro
INFO:root:20:01:27: START ITERATION 1
INFO:root:20:01:27: Preprocessing MD...
INFO:root:20:01:27: Running MD...
INFO:root:20:05:53: MD done
INFO:root:20:05:53: Postprocessing MD
INFO:root:20:05:54: Preprocessing LSDMap...
INFO:root:20:05:54: Load configurations in confall.gro
INFO:root:20:05:56: Load weights in confall.w
INFO:root:20:05:56: Select configurations for lsdmap according to the previous map...
INFO:root:20:05:56: Build histogram
INFO:root:20:05:56: Select fitting points uniformly
INFO:root:20:05:57: Write configurations in lsdmap/lsdmap_aa.gro
INFO:root:20:05:58: Write weights in lsdmap/lsdmap.w
INFO:root:20:05:58: LSDMap preprocessing done
INFO:root:20:05:58: Starting LSDMap
INFO:root:20:06:45: LSDMap done
INFO:root:20:06:45: Postprocessing LSDMap...
INFO:root:20:06:45: Store DCs computed
INFO:root:20:06:45: LSDMap postprocessing done
INFO:root:20:06:45: Preprocessing Fitting...
INFO:root:20:06:45: Select configurations used for the fitting...
INFO:root:20:06:45: Build histogram
INFO:root:20:06:45: Select fitting points uniformly along the DCs
INFO:root:20:06:45: Optimize selection of fitting points
INFO:root:20:07:08: Write configurations in fit/fit_aa.gro
INFO:root:20:07:08: Write DCs in fit/fit.ev
INFO:root:20:07:08: Fit preprocessing done
INFO:root:20:07:08: Starting Fitting
INFO:root:20:07:39: Fitting done
INFO:root:20:07:41: Build free energy histogram with 56 nbins along each dimension...
INFO:root:20:07:41: Save free energy histogram
INFO:root:20:07:41: Pick new configurations for the next iteration.
INFO:root:20:07:43: Save new configurations in output.gro
INFO:root:20:07:43: START ITERATION 2
INFO:root:20:07:43: Preprocessing MD...
INFO:root:20:07:43: Running MD...
INFO:root:20:12:03: MD done
INFO:root:20:12:03: Postprocessing MD
INFO:root:20:12:04: Preprocessing LSDMap...
INFO:root:20:12:04: Load configurations in confall.gro
INFO:root:20:12:06: Load weights in confall.w
INFO:root:20:12:06: Select configurations for lsdmap according to the previous map...
INFO:root:20:12:06: Build histogram
INFO:root:20:12:07: Select fitting points uniformly
INFO:root:20:12:08: Write configurations in lsdmap/lsdmap_aa.gro
INFO:root:20:12:09: Write weights in lsdmap/lsdmap.w
INFO:root:20:12:09: LSDMap preprocessing done
INFO:root:20:12:09: Starting LSDMap
INFO:root:20:12:55: LSDMap done
INFO:root:20:12:55: Postprocessing LSDMap...
INFO:root:20:12:55: Store DCs computed
INFO:root:20:12:55: LSDMap postprocessing done
INFO:root:20:12:55: Preprocessing Fitting...
INFO:root:20:12:55: Select configurations used for the fitting...
INFO:root:20:12:55: Build histogram
INFO:root:20:12:55: Select fitting points uniformly along the DCs
INFO:root:20:12:55: Optimize selection of fitting points
INFO:root:20:13:18: Write configurations in fit/fit_aa.gro
INFO:root:20:13:18: Write DCs in fit/fit.ev
INFO:root:20:13:18: Fit preprocessing done
INFO:root:20:13:18: Starting Fitting
INFO:root:20:13:50: Fitting done
INFO:root:20:13:51: Build free energy histogram with 39 nbins along each dimension...
INFO:root:20:13:51: Save free energy histogram
INFO:root:20:13:52: Pick new configurations for the next iteration.
INFO:root:20:13:54: Save new configurations in output.gro
